[debug] [2024-11-20T09:11:46.098Z] ----------------------------------------------------------------------
[debug] [2024-11-20T09:11:46.103Z] Command:       C:\Program Files\nodejs\node.exe C:\Users\vuong\AppData\Roaming\npm\node_modules\firebase-tools\lib\bin\firebase.js init
[debug] [2024-11-20T09:11:46.104Z] CLI Version:   13.26.0
[debug] [2024-11-20T09:11:46.104Z] Platform:      win32
[debug] [2024-11-20T09:11:46.105Z] Node Version:  v20.14.0
[debug] [2024-11-20T09:11:46.105Z] Time:          Wed Nov 20 2024 16:11:46 GMT+0700 (Giờ Đông Dương)
[debug] [2024-11-20T09:11:46.105Z] ----------------------------------------------------------------------
[debug] 
[debug] [2024-11-20T09:11:46.118Z] > command requires scopes: ["email","openid","https://www.googleapis.com/auth/cloudplatformprojects.readonly","https://www.googleapis.com/auth/firebase","https://www.googleapis.com/auth/cloud-platform"]
[debug] [2024-11-20T09:11:46.118Z] > authorizing via signed-in user (vuongminhchanh92@gmail.com)
[info] 
     ######## #### ########  ######## ########     ###     ######  ########
     ##        ##  ##     ## ##       ##     ##  ##   ##  ##       ##
     ######    ##  ########  ######   ########  #########  ######  ######
     ##        ##  ##    ##  ##       ##     ## ##     ##       ## ##
     ##       #### ##     ## ######## ########  ##     ##  ######  ########

You're about to initialize a Firebase project in this directory:

  E:\ReactNative\Device_DeviceManager_Admin

[info] 
=== Project Setup
[info] 
[info] First, let's associate this project directory with a Firebase project.
[info] You can create multiple project aliases by running firebase use --add, 
[info] but for now we'll just set up a default project.
[info] 
[debug] [2024-11-20T09:12:09.051Z] Checked if tokens are valid: false, expires at: 1730789899966
[debug] [2024-11-20T09:12:09.051Z] Checked if tokens are valid: false, expires at: 1730789899966
[debug] [2024-11-20T09:12:09.052Z] > refreshing access token with scopes: []
[debug] [2024-11-20T09:12:09.055Z] >>> [apiv2][query] POST https://www.googleapis.com/oauth2/v3/token [none]
[debug] [2024-11-20T09:12:09.055Z] >>> [apiv2][body] POST https://www.googleapis.com/oauth2/v3/token [omitted]
[debug] [2024-11-20T09:12:09.483Z] <<< [apiv2][status] POST https://www.googleapis.com/oauth2/v3/token 400
[debug] [2024-11-20T09:12:09.483Z] <<< [apiv2][body] POST https://www.googleapis.com/oauth2/v3/token [omitted]
[debug] [2024-11-20T09:12:09.485Z] >>> [apiv2][query] GET https://firebase.googleapis.com/v1beta1/projects pageSize=100
[debug] [2024-11-20T09:12:09.855Z] <<< [apiv2][status] GET https://firebase.googleapis.com/v1beta1/projects 401
[debug] [2024-11-20T09:12:09.856Z] <<< [apiv2][body] GET https://firebase.googleapis.com/v1beta1/projects [omitted]
[debug] [2024-11-20T09:12:09.856Z] Got a 401 Unauthenticated error for a call that required authentication. Refreshing tokens.
[debug] [2024-11-20T09:12:09.857Z] Checked if tokens are valid: false, expires at: 1730789899966
[debug] [2024-11-20T09:12:09.857Z] Checked if tokens are valid: false, expires at: 1730789899966
[debug] [2024-11-20T09:12:09.857Z] > refreshing access token with scopes: []
[debug] [2024-11-20T09:12:09.859Z] >>> [apiv2][query] POST https://www.googleapis.com/oauth2/v3/token [none]
[debug] [2024-11-20T09:12:09.859Z] >>> [apiv2][body] POST https://www.googleapis.com/oauth2/v3/token [omitted]
[debug] [2024-11-20T09:12:09.947Z] <<< [apiv2][status] POST https://www.googleapis.com/oauth2/v3/token 400
[debug] [2024-11-20T09:12:09.948Z] <<< [apiv2][body] POST https://www.googleapis.com/oauth2/v3/token [omitted]
[debug] [2024-11-20T09:12:09.952Z] Request to https://firebase.googleapis.com/v1beta1/projects?pageSize=100 had HTTP Error: 401, Request had invalid authentication credentials. Expected OAuth 2 access token, login cookie or other valid authentication credential. See https://developers.google.com/identity/sign-in/web/devconsole-project.
[debug] [2024-11-20T09:12:10.149Z] FirebaseError: Request to https://firebase.googleapis.com/v1beta1/projects?pageSize=100 had HTTP Error: 401, Request had invalid authentication credentials. Expected OAuth 2 access token, login cookie or other valid authentication credential. See https://developers.google.com/identity/sign-in/web/devconsole-project.
    at responseToError (C:\Users\vuong\AppData\Roaming\npm\node_modules\firebase-tools\lib\responseToError.js:52:12)
    at RetryOperation._fn (C:\Users\vuong\AppData\Roaming\npm\node_modules\firebase-tools\lib\apiv2.js:312:77)
    at process.processTicksAndRejections (node:internal/process/task_queues:95:5)
[error] 
[error] Error: Failed to list Firebase projects. See firebase-debug.log for more info.
